# JRE version: Java(TM) SE Runtime Environment (8.0_301-b09) (build 1.8.0_301-b09)
# Java VM: Java HotSpot(TM) 64-Bit Server VM (25.301-b09 mixed mode windows-amd64 compressed oops)
Heap:
 PSYoungGen      total 117760K, used 39034K [0x00000000f5580000, 0x0000000100000000, 0x0000000100000000)
  eden space 67072K, 7% used [0x00000000f5580000,0x00000000f5a16880,0x00000000f9700000)
  from space 50688K, 67% used [0x00000000fce80000,0x00000000ff008080,0x0000000100000000)
  to   space 53760K, 0% used [0x00000000f9700000,0x00000000f9700000,0x00000000fcb80000)
 ParOldGen       total 198144K, used 109319K [0x00000000e0000000, 0x00000000ec180000, 0x00000000f5580000)
  object space 198144K, 55% used [0x00000000e0000000,0x00000000e6ac1d50,0x00000000ec180000)
 Metaspace       used 82217K, capacity 89808K, committed 90112K, reserved 1126400K
  class space    used 11494K, capacity 13220K, committed 13312K, reserved 1048576K
GC Heap History (10 events):
Event: 12.927 GC heap before
{Heap before GC invocations=19 (full 3):
 PSYoungGen      total 140800K, used 140768K [0x00000000f5580000, 0x0000000100000000, 0x0000000100000000)
  eden space 108032K, 100% used [0x00000000f5580000,0x00000000fbf00000,0x00000000fbf00000)
  from space 32768K, 99% used [0x00000000fbf00000,0x00000000fdef8010,0x00000000fdf00000)
  to   space 33792K, 0% used [0x00000000fdf00000,0x00000000fdf00000,0x0000000100000000)
 ParOldGen       total 198144K, used 78615K [0x00000000e0000000, 0x00000000ec180000, 0x00000000f5580000)
  object space 198144K, 39% used [0x00000000e0000000,0x00000000e4cc5f90,0x00000000ec180000)
 Metaspace       used 80816K, capacity 88094K, committed 88448K, reserved 1124352K
  class space    used 11377K, capacity 13065K, committed 13184K, reserved 1048576K
Event: 12.949 GC heap after
Heap after GC invocations=19 (full 3):
 PSYoungGen      total 128512K, used 28730K [0x00000000f5580000, 0x0000000100000000, 0x0000000100000000)
  eden space 94720K, 0% used [0x00000000f5580000,0x00000000f5580000,0x00000000fb200000)
  from space 33792K, 85% used [0x00000000fdf00000,0x00000000ffb0eb00,0x0000000100000000)
  to   space 39936K, 0% used [0x00000000fb200000,0x00000000fb200000,0x00000000fd900000)
 ParOldGen       total 198144K, used 94115K [0x00000000e0000000, 0x00000000ec180000, 0x00000000f5580000)
  object space 198144K, 47% used [0x00000000e0000000,0x00000000e5be8d40,0x00000000ec180000)
 Metaspace       used 80816K, capacity 88094K, committed 88448K, reserved 1124352K
  class space    used 11377K, capacity 13065K, committed 13184K, reserved 1048576K
}
Event: 13.358 GC heap before
{Heap before GC invocations=20 (full 3):
 PSYoungGen      total 128512K, used 123450K [0x00000000f5580000, 0x0000000100000000, 0x0000000100000000)
  eden space 94720K, 100% used [0x00000000f5580000,0x00000000fb200000,0x00000000fb200000)
  from space 33792K, 85% used [0x00000000fdf00000,0x00000000ffb0eb00,0x0000000100000000)
  to   space 39936K, 0% used [0x00000000fb200000,0x00000000fb200000,0x00000000fd900000)
 ParOldGen       total 198144K, used 94115K [0x00000000e0000000, 0x00000000ec180000, 0x00000000f5580000)
  object space 198144K, 47% used [0x00000000e0000000,0x00000000e5be8d40,0x00000000ec180000)
 Metaspace       used 81359K, capacity 88816K, committed 88960K, reserved 1124352K
  class space    used 11435K, capacity 13130K, committed 13184K, reserved 1048576K
Event: 13.372 GC heap after
Heap after GC invocations=20 (full 3):
 PSYoungGen      total 128000K, used 32976K [0x00000000f5580000, 0x0000000100000000, 0x0000000100000000)
  eden space 94720K, 0% used [0x00000000f5580000,0x00000000f5580000,0x00000000fb200000)
  from space 33280K, 99% used [0x00000000fb200000,0x00000000fd234030,0x00000000fd280000)
  to   space 43008K, 0% used [0x00000000fd600000,0x00000000fd600000,0x0000000100000000)
 ParOldGen       total 198144K, used 94123K [0x00000000e0000000, 0x00000000ec180000, 0x00000000f5580000)
  object space 198144K, 47% used [0x00000000e0000000,0x00000000e5bead40,0x00000000ec180000)
 Metaspace       used 81359K, capacity 88816K, committed 88960K, reserved 1124352K
  class space    used 11435K, capacity 13130K, committed 13184K, reserved 1048576K
}
Event: 13.834 GC heap before
{Heap before GC invocations=21 (full 3):
 PSYoungGen      total 128000K, used 127696K [0x00000000f5580000, 0x0000000100000000, 0x0000000100000000)
  eden space 94720K, 100% used [0x00000000f5580000,0x00000000fb200000,0x00000000fb200000)
  from space 33280K, 99% used [0x00000000fb200000,0x00000000fd234030,0x00000000fd280000)
  to   space 43008K, 0% used [0x00000000fd600000,0x00000000fd600000,0x0000000100000000)
 ParOldGen       total 198144K, used 94123K [0x00000000e0000000, 0x00000000ec180000, 0x00000000f5580000)
  object space 198144K, 47% used [0x00000000e0000000,0x00000000e5bead40,0x00000000ec180000)
 Metaspace       used 81909K, capacity 89506K, committed 89856K, reserved 1126400K
  class space    used 11477K, capacity 13195K, committed 13312K, reserved 1048576K
Event: 13.856 GC heap after
Heap after GC invocations=21 (full 3):
 PSYoungGen      total 122368K, used 38480K [0x00000000f5580000, 0x0000000100000000, 0x0000000100000000)
  eden space 79360K, 0% used [0x00000000f5580000,0x00000000f5580000,0x00000000fa300000)
  from space 43008K, 89% used [0x00000000fd600000,0x00000000ffb94050,0x0000000100000000)
  to   space 47616K, 0% used [0x00000000fa300000,0x00000000fa300000,0x00000000fd180000)
 ParOldGen       total 198144K, used 94131K [0x00000000e0000000, 0x00000000ec180000, 0x00000000f5580000)
  object space 198144K, 47% used [0x00000000e0000000,0x00000000e5becd40,0x00000000ec180000)
 Metaspace       used 81909K, capacity 89506K, committed 89856K, reserved 1126400K
  class space    used 11477K, capacity 13195K, committed 13312K, reserved 1048576K
}
Event: 14.234 GC heap before
{Heap before GC invocations=22 (full 3):
 PSYoungGen      total 122368K, used 117840K [0x00000000f5580000, 0x0000000100000000, 0x0000000100000000)
  eden space 79360K, 100% used [0x00000000f5580000,0x00000000fa300000,0x00000000fa300000)
  from space 43008K, 89% used [0x00000000fd600000,0x00000000ffb94050,0x0000000100000000)
  to   space 47616K, 0% used [0x00000000fa300000,0x00000000fa300000,0x00000000fd180000)
 ParOldGen       total 198144K, used 94131K [0x00000000e0000000, 0x00000000ec180000, 0x00000000f5580000)
  object space 198144K, 47% used [0x00000000e0000000,0x00000000e5becd40,0x00000000ec180000)
 Metaspace       used 82063K, capacity 89640K, committed 89856K, reserved 1126400K
  class space    used 11484K, capacity 13204K, committed 13312K, reserved 1048576K
Event: 14.256 GC heap after
Heap after GC invocations=22 (full 3):
 PSYoungGen      total 123904K, used 44048K [0x00000000f5580000, 0x0000000100000000, 0x0000000100000000)
  eden space 79360K, 0% used [0x00000000f5580000,0x00000000f5580000,0x00000000fa300000)
  from space 44544K, 98% used [0x00000000fa300000,0x00000000fce04090,0x00000000fce80000)
  to   space 50688K, 0% used [0x00000000fce80000,0x00000000fce80000,0x0000000100000000)
 ParOldGen       total 198144K, used 94139K [0x00000000e0000000, 0x00000000ec180000, 0x00000000f5580000)
  object space 198144K, 47% used [0x00000000e0000000,0x00000000e5beed40,0x00000000ec180000)
 Metaspace       used 82063K, capacity 89640K, committed 89856K, reserved 1126400K
  class space    used 11484K, capacity 13204K, committed 13312K, reserved 1048576K
}
Event: 14.509 GC heap before
{Heap before GC invocations=23 (full 3):
 PSYoungGen      total 123904K, used 123400K [0x00000000f5580000, 0x0000000100000000, 0x0000000100000000)
  eden space 79360K, 99% used [0x00000000f5580000,0x00000000fa2fe270,0x00000000fa300000)
  from space 44544K, 98% used [0x00000000fa300000,0x00000000fce04090,0x00000000fce80000)
  to   space 50688K, 0% used [0x00000000fce80000,0x00000000fce80000,0x0000000100000000)
 ParOldGen       total 198144K, used 94139K [0x00000000e0000000, 0x00000000ec180000, 0x00000000f5580000)
  object space 198144K, 47% used [0x00000000e0000000,0x00000000e5beed40,0x00000000ec180000)
 Metaspace       used 82206K, capacity 89802K, committed 90112K, reserved 1126400K
  class space    used 11492K, capacity 13219K, committed 13312K, reserved 1048576K
Event: 14.538 GC heap after
Heap after GC invocations=23 (full 3):
 PSYoungGen      total 117760K, used 34336K [0x00000000f5580000, 0x0000000100000000, 0x0000000100000000)
  eden space 67072K, 0% used [0x00000000f5580000,0x00000000f5580000,0x00000000f9700000)
  from space 50688K, 67% used [0x00000000fce80000,0x00000000ff008080,0x0000000100000000)
  to   space 53760K, 0% used [0x00000000f9700000,0x00000000f9700000,0x00000000fcb80000)
 ParOldGen       total 198144K, used 109319K [0x00000000e0000000, 0x00000000ec180000, 0x00000000f5580000)
  object space 198144K, 55% used [0x00000000e0000000,0x00000000e6ac1d50,0x00000000ec180000)
 Metaspace       used 82206K, capacity 89802K, committed 90112K, reserved 1126400K
  class space    used 11492K, capacity 13219K, committed 13312K, reserved 1048576K
}

