# JRE version: Java(TM) SE Runtime Environment (8.0_301-b09) (build 1.8.0_301-b09)
# Java VM: Java HotSpot(TM) 64-Bit Server VM (25.301-b09 mixed mode windows-amd64 compressed oops)
Heap:
 PSYoungGen      total 127488K, used 80671K [0x00000000f5580000, 0x0000000100000000, 0x0000000100000000)
  eden space 80384K, 65% used [0x00000000f5580000,0x00000000f88e3cf0,0x00000000fa400000)
  from space 47104K, 59% used [0x00000000fa400000,0x00000000fbf64070,0x00000000fd200000)
  to   space 46592K, 0% used [0x00000000fd280000,0x00000000fd280000,0x0000000100000000)
 ParOldGen       total 214016K, used 110505K [0x00000000e0000000, 0x00000000ed100000, 0x00000000f5580000)
  object space 214016K, 51% used [0x00000000e0000000,0x00000000e6bea518,0x00000000ed100000)
 Metaspace       used 82174K, capacity 89728K, committed 89856K, reserved 1126400K
  class space    used 11485K, capacity 13206K, committed 13312K, reserved 1048576K
GC Heap History (10 events):
Event: 13.766 GC heap before
{Heap before GC invocations=18 (full 3):
 PSYoungGen      total 139264K, used 126825K [0x00000000f5580000, 0x00000000ffe80000, 0x0000000100000000)
  eden space 107520K, 100% used [0x00000000f5580000,0x00000000fbe80000,0x00000000fbe80000)
  from space 31744K, 60% used [0x00000000fdf80000,0x00000000ff25a578,0x00000000ffe80000)
  to   space 32768K, 0% used [0x00000000fbe80000,0x00000000fbe80000,0x00000000fde80000)
 ParOldGen       total 214016K, used 75711K [0x00000000e0000000, 0x00000000ed100000, 0x00000000f5580000)
  object space 214016K, 35% used [0x00000000e0000000,0x00000000e49efd38,0x00000000ed100000)
 Metaspace       used 77767K, capacity 84102K, committed 84224K, reserved 1120256K
  class space    used 10896K, capacity 12461K, committed 12544K, reserved 1048576K
Event: 13.789 GC heap after
Heap after GC invocations=18 (full 3):
 PSYoungGen      total 140288K, used 32736K [0x00000000f5580000, 0x0000000100000000, 0x0000000100000000)
  eden space 107520K, 0% used [0x00000000f5580000,0x00000000f5580000,0x00000000fbe80000)
  from space 32768K, 99% used [0x00000000fbe80000,0x00000000fde78010,0x00000000fde80000)
  to   space 34304K, 0% used [0x00000000fde80000,0x00000000fde80000,0x0000000100000000)
 ParOldGen       total 214016K, used 78853K [0x00000000e0000000, 0x00000000ed100000, 0x00000000f5580000)
  object space 214016K, 36% used [0x00000000e0000000,0x00000000e4d01590,0x00000000ed100000)
 Metaspace       used 77767K, capacity 84102K, committed 84224K, reserved 1120256K
  class space    used 10896K, capacity 12461K, committed 12544K, reserved 1048576K
}
Event: 14.450 GC heap before
{Heap before GC invocations=19 (full 3):
 PSYoungGen      total 140288K, used 140256K [0x00000000f5580000, 0x0000000100000000, 0x0000000100000000)
  eden space 107520K, 100% used [0x00000000f5580000,0x00000000fbe80000,0x00000000fbe80000)
  from space 32768K, 99% used [0x00000000fbe80000,0x00000000fde78010,0x00000000fde80000)
  to   space 34304K, 0% used [0x00000000fde80000,0x00000000fde80000,0x0000000100000000)
 ParOldGen       total 214016K, used 78853K [0x00000000e0000000, 0x00000000ed100000, 0x00000000f5580000)
  object space 214016K, 36% used [0x00000000e0000000,0x00000000e4d01590,0x00000000ed100000)
 Metaspace       used 80782K, capacity 88030K, committed 88064K, reserved 1124352K
  class space    used 11371K, capacity 13053K, committed 13056K, reserved 1048576K
Event: 14.473 GC heap after
Heap after GC invocations=19 (full 3):
 PSYoungGen      total 129024K, used 28170K [0x00000000f5580000, 0x0000000100000000, 0x0000000100000000)
  eden space 94720K, 0% used [0x00000000f5580000,0x00000000f5580000,0x00000000fb200000)
  from space 34304K, 82% used [0x00000000fde80000,0x00000000ffa02bb8,0x0000000100000000)
  to   space 39936K, 0% used [0x00000000fb200000,0x00000000fb200000,0x00000000fd900000)
 ParOldGen       total 214016K, used 94693K [0x00000000e0000000, 0x00000000ed100000, 0x00000000f5580000)
  object space 214016K, 44% used [0x00000000e0000000,0x00000000e5c79508,0x00000000ed100000)
 Metaspace       used 80782K, capacity 88030K, committed 88064K, reserved 1124352K
  class space    used 11371K, capacity 13053K, committed 13056K, reserved 1048576K
}
Event: 14.914 GC heap before
{Heap before GC invocations=20 (full 3):
 PSYoungGen      total 129024K, used 122890K [0x00000000f5580000, 0x0000000100000000, 0x0000000100000000)
  eden space 94720K, 100% used [0x00000000f5580000,0x00000000fb200000,0x00000000fb200000)
  from space 34304K, 82% used [0x00000000fde80000,0x00000000ffa02bb8,0x0000000100000000)
  to   space 39936K, 0% used [0x00000000fb200000,0x00000000fb200000,0x00000000fd900000)
 ParOldGen       total 214016K, used 94693K [0x00000000e0000000, 0x00000000ed100000, 0x00000000f5580000)
  object space 214016K, 44% used [0x00000000e0000000,0x00000000e5c79508,0x00000000ed100000)
 Metaspace       used 81276K, capacity 88644K, committed 88960K, reserved 1124352K
  class space    used 11426K, capacity 13112K, committed 13184K, reserved 1048576K
Event: 14.927 GC heap after
Heap after GC invocations=20 (full 3):
 PSYoungGen      total 126976K, used 32192K [0x00000000f5580000, 0x0000000100000000, 0x0000000100000000)
  eden space 94720K, 0% used [0x00000000f5580000,0x00000000f5580000,0x00000000fb200000)
  from space 32256K, 99% used [0x00000000fb200000,0x00000000fd170040,0x00000000fd180000)
  to   space 43008K, 0% used [0x00000000fd600000,0x00000000fd600000,0x0000000100000000)
 ParOldGen       total 214016K, used 94701K [0x00000000e0000000, 0x00000000ed100000, 0x00000000f5580000)
  object space 214016K, 44% used [0x00000000e0000000,0x00000000e5c7b508,0x00000000ed100000)
 Metaspace       used 81276K, capacity 88644K, committed 88960K, reserved 1124352K
  class space    used 11426K, capacity 13112K, committed 13184K, reserved 1048576K
}
Event: 15.468 GC heap before
{Heap before GC invocations=21 (full 3):
 PSYoungGen      total 126976K, used 126912K [0x00000000f5580000, 0x0000000100000000, 0x0000000100000000)
  eden space 94720K, 100% used [0x00000000f5580000,0x00000000fb200000,0x00000000fb200000)
  from space 32256K, 99% used [0x00000000fb200000,0x00000000fd170040,0x00000000fd180000)
  to   space 43008K, 0% used [0x00000000fd600000,0x00000000fd600000,0x0000000100000000)
 ParOldGen       total 214016K, used 94701K [0x00000000e0000000, 0x00000000ed100000, 0x00000000f5580000)
  object space 214016K, 44% used [0x00000000e0000000,0x00000000e5c7b508,0x00000000ed100000)
 Metaspace       used 81882K, capacity 89374K, committed 89472K, reserved 1126400K
  class space    used 11471K, capacity 13183K, committed 13184K, reserved 1048576K
Event: 15.490 GC heap after
Heap after GC invocations=21 (full 3):
 PSYoungGen      total 123392K, used 37936K [0x00000000f5580000, 0x0000000100000000, 0x0000000100000000)
  eden space 80384K, 0% used [0x00000000f5580000,0x00000000f5580000,0x00000000fa400000)
  from space 43008K, 88% used [0x00000000fd600000,0x00000000ffb0c050,0x0000000100000000)
  to   space 47104K, 0% used [0x00000000fa400000,0x00000000fa400000,0x00000000fd200000)
 ParOldGen       total 214016K, used 94709K [0x00000000e0000000, 0x00000000ed100000, 0x00000000f5580000)
  object space 214016K, 44% used [0x00000000e0000000,0x00000000e5c7d508,0x00000000ed100000)
 Metaspace       used 81882K, capacity 89374K, committed 89472K, reserved 1126400K
  class space    used 11471K, capacity 13183K, committed 13184K, reserved 1048576K
}
Event: 15.844 GC heap before
{Heap before GC invocations=22 (full 3):
 PSYoungGen      total 123392K, used 118320K [0x00000000f5580000, 0x0000000100000000, 0x0000000100000000)
  eden space 80384K, 100% used [0x00000000f5580000,0x00000000fa400000,0x00000000fa400000)
  from space 43008K, 88% used [0x00000000fd600000,0x00000000ffb0c050,0x0000000100000000)
  to   space 47104K, 0% used [0x00000000fa400000,0x00000000fa400000,0x00000000fd200000)
 ParOldGen       total 214016K, used 94709K [0x00000000e0000000, 0x00000000ed100000, 0x00000000f5580000)
  object space 214016K, 44% used [0x00000000e0000000,0x00000000e5c7d508,0x00000000ed100000)
 Metaspace       used 82046K, capacity 89572K, committed 89856K, reserved 1126400K
  class space    used 11477K, capacity 13192K, committed 13312K, reserved 1048576K
Event: 15.867 GC heap after
Heap after GC invocations=22 (full 3):
 PSYoungGen      total 127488K, used 28048K [0x00000000f5580000, 0x0000000100000000, 0x0000000100000000)
  eden space 80384K, 0% used [0x00000000f5580000,0x00000000f5580000,0x00000000fa400000)
  from space 47104K, 59% used [0x00000000fa400000,0x00000000fbf64070,0x00000000fd200000)
  to   space 46592K, 0% used [0x00000000fd280000,0x00000000fd280000,0x0000000100000000)
 ParOldGen       total 214016K, used 110505K [0x00000000e0000000, 0x00000000ed100000, 0x00000000f5580000)
  object space 214016K, 51% used [0x00000000e0000000,0x00000000e6bea518,0x00000000ed100000)
 Metaspace       used 82046K, capacity 89572K, committed 89856K, reserved 1126400K
  class space    used 11477K, capacity 13192K, committed 13312K, reserved 1048576K
}

