# JRE version: Java(TM) SE Runtime Environment (8.0_301-b09) (build 1.8.0_301-b09)
# Java VM: Java HotSpot(TM) 64-Bit Server VM (25.301-b09 mixed mode windows-amd64 compressed oops)
Heap:
 PSYoungGen      total 128512K, used 55929K [0x00000000f5580000, 0x0000000100000000, 0x0000000100000000)
  eden space 83968K, 57% used [0x00000000f5580000,0x00000000f850e3e0,0x00000000fa780000)
  from space 44544K, 16% used [0x00000000fa780000,0x00000000fae90020,0x00000000fd300000)
  to   space 44544K, 0% used [0x00000000fd480000,0x00000000fd480000,0x0000000100000000)
 ParOldGen       total 217600K, used 129820K [0x00000000e0000000, 0x00000000ed480000, 0x00000000f5580000)
  object space 217600K, 59% used [0x00000000e0000000,0x00000000e7ec71f0,0x00000000ed480000)
 Metaspace       used 82127K, capacity 89738K, committed 89856K, reserved 1126400K
  class space    used 11485K, capacity 13209K, committed 13312K, reserved 1048576K
GC Heap History (10 events):
Event: 20.543 GC heap before
{Heap before GC invocations=18 (full 3):
 PSYoungGen      total 136192K, used 131046K [0x00000000f5580000, 0x0000000100000000, 0x0000000100000000)
  eden space 102912K, 100% used [0x00000000f5580000,0x00000000fba00000,0x00000000fba00000)
  from space 33280K, 84% used [0x00000000fdf80000,0x00000000ffaf9818,0x0000000100000000)
  to   space 35840K, 0% used [0x00000000fba00000,0x00000000fba00000,0x00000000fdd00000)
 ParOldGen       total 217600K, used 67053K [0x00000000e0000000, 0x00000000ed480000, 0x00000000f5580000)
  object space 217600K, 30% used [0x00000000e0000000,0x00000000e417b6d8,0x00000000ed480000)
 Metaspace       used 77621K, capacity 83882K, committed 84224K, reserved 1120256K
  class space    used 10868K, capacity 12429K, committed 12544K, reserved 1048576K
Event: 20.566 GC heap after
Heap after GC invocations=18 (full 3):
 PSYoungGen      total 138752K, used 35808K [0x00000000f5580000, 0x0000000100000000, 0x0000000100000000)
  eden space 102912K, 0% used [0x00000000f5580000,0x00000000f5580000,0x00000000fba00000)
  from space 35840K, 99% used [0x00000000fba00000,0x00000000fdcf8020,0x00000000fdd00000)
  to   space 35840K, 0% used [0x00000000fdd00000,0x00000000fdd00000,0x0000000100000000)
 ParOldGen       total 217600K, used 75491K [0x00000000e0000000, 0x00000000ed480000, 0x00000000f5580000)
  object space 217600K, 34% used [0x00000000e0000000,0x00000000e49b8f50,0x00000000ed480000)
 Metaspace       used 77621K, capacity 83882K, committed 84224K, reserved 1120256K
  class space    used 10868K, capacity 12429K, committed 12544K, reserved 1048576K
}
Event: 21.173 GC heap before
{Heap before GC invocations=19 (full 3):
 PSYoungGen      total 138752K, used 138708K [0x00000000f5580000, 0x0000000100000000, 0x0000000100000000)
  eden space 102912K, 99% used [0x00000000f5580000,0x00000000fb9fd208,0x00000000fba00000)
  from space 35840K, 99% used [0x00000000fba00000,0x00000000fdcf8020,0x00000000fdd00000)
  to   space 35840K, 0% used [0x00000000fdd00000,0x00000000fdd00000,0x0000000100000000)
 ParOldGen       total 217600K, used 75491K [0x00000000e0000000, 0x00000000ed480000, 0x00000000f5580000)
  object space 217600K, 34% used [0x00000000e0000000,0x00000000e49b8f50,0x00000000ed480000)
 Metaspace       used 80738K, capacity 88078K, committed 88448K, reserved 1124352K
  class space    used 11375K, capacity 13063K, committed 13184K, reserved 1048576K
Event: 21.195 GC heap after
Heap after GC invocations=19 (full 3):
 PSYoungGen      total 118272K, used 32467K [0x00000000f5580000, 0x0000000100000000, 0x0000000100000000)
  eden space 82432K, 0% used [0x00000000f5580000,0x00000000f5580000,0x00000000fa600000)
  from space 35840K, 90% used [0x00000000fdd00000,0x00000000ffcb4c78,0x0000000100000000)
  to   space 46080K, 0% used [0x00000000fa600000,0x00000000fa600000,0x00000000fd300000)
 ParOldGen       total 217600K, used 89895K [0x00000000e0000000, 0x00000000ed480000, 0x00000000f5580000)
  object space 217600K, 41% used [0x00000000e0000000,0x00000000e57c9d38,0x00000000ed480000)
 Metaspace       used 80738K, capacity 88078K, committed 88448K, reserved 1124352K
  class space    used 11375K, capacity 13063K, committed 13184K, reserved 1048576K
}
Event: 21.525 GC heap before
{Heap before GC invocations=20 (full 3):
 PSYoungGen      total 118272K, used 114899K [0x00000000f5580000, 0x0000000100000000, 0x0000000100000000)
  eden space 82432K, 100% used [0x00000000f5580000,0x00000000fa600000,0x00000000fa600000)
  from space 35840K, 90% used [0x00000000fdd00000,0x00000000ffcb4c78,0x0000000100000000)
  to   space 46080K, 0% used [0x00000000fa600000,0x00000000fa600000,0x00000000fd300000)
 ParOldGen       total 217600K, used 89895K [0x00000000e0000000, 0x00000000ed480000, 0x00000000f5580000)
  object space 217600K, 41% used [0x00000000e0000000,0x00000000e57c9d38,0x00000000ed480000)
 Metaspace       used 81185K, capacity 88576K, committed 88704K, reserved 1124352K
  class space    used 11409K, capacity 13102K, committed 13184K, reserved 1048576K
Event: 21.545 GC heap after
Heap after GC invocations=20 (full 3):
 PSYoungGen      total 128512K, used 14896K [0x00000000f5580000, 0x0000000100000000, 0x0000000100000000)
  eden space 82432K, 0% used [0x00000000f5580000,0x00000000f5580000,0x00000000fa600000)
  from space 46080K, 32% used [0x00000000fa600000,0x00000000fb48c070,0x00000000fd300000)
  to   space 44544K, 0% used [0x00000000fd480000,0x00000000fd480000,0x0000000100000000)
 ParOldGen       total 217600K, used 111250K [0x00000000e0000000, 0x00000000ed480000, 0x00000000f5580000)
  object space 217600K, 51% used [0x00000000e0000000,0x00000000e6ca4ac8,0x00000000ed480000)
 Metaspace       used 81185K, capacity 88576K, committed 88704K, reserved 1124352K
  class space    used 11409K, capacity 13102K, committed 13184K, reserved 1048576K
}
Event: 22.030 GC heap before
{Heap before GC invocations=21 (full 3):
 PSYoungGen      total 128512K, used 97328K [0x00000000f5580000, 0x0000000100000000, 0x0000000100000000)
  eden space 82432K, 100% used [0x00000000f5580000,0x00000000fa600000,0x00000000fa600000)
  from space 46080K, 32% used [0x00000000fa600000,0x00000000fb48c070,0x00000000fd300000)
  to   space 44544K, 0% used [0x00000000fd480000,0x00000000fd480000,0x0000000100000000)
 ParOldGen       total 217600K, used 111250K [0x00000000e0000000, 0x00000000ed480000, 0x00000000f5580000)
  object space 217600K, 51% used [0x00000000e0000000,0x00000000e6ca4ac8,0x00000000ed480000)
 Metaspace       used 81787K, capacity 89362K, committed 89600K, reserved 1126400K
  class space    used 11475K, capacity 13193K, committed 13312K, reserved 1048576K
Event: 22.042 GC heap after
Heap after GC invocations=21 (full 3):
 PSYoungGen      total 126976K, used 7008K [0x00000000f5580000, 0x00000000ffe80000, 0x0000000100000000)
  eden space 83968K, 0% used [0x00000000f5580000,0x00000000f5580000,0x00000000fa780000)
  from space 43008K, 16% used [0x00000000fd480000,0x00000000fdb58000,0x00000000ffe80000)
  to   space 44544K, 0% used [0x00000000fa780000,0x00000000fa780000,0x00000000fd300000)
 ParOldGen       total 217600K, used 123723K [0x00000000e0000000, 0x00000000ed480000, 0x00000000f5580000)
  object space 217600K, 56% used [0x00000000e0000000,0x00000000e78d2f80,0x00000000ed480000)
 Metaspace       used 81787K, capacity 89362K, committed 89600K, reserved 1126400K
  class space    used 11475K, capacity 13193K, committed 13312K, reserved 1048576K
}
Event: 22.396 GC heap before
{Heap before GC invocations=22 (full 3):
 PSYoungGen      total 126976K, used 90969K [0x00000000f5580000, 0x00000000ffe80000, 0x0000000100000000)
  eden space 83968K, 99% used [0x00000000f5580000,0x00000000fa77e5f0,0x00000000fa780000)
  from space 43008K, 16% used [0x00000000fd480000,0x00000000fdb58000,0x00000000ffe80000)
  to   space 44544K, 0% used [0x00000000fa780000,0x00000000fa780000,0x00000000fd300000)
 ParOldGen       total 217600K, used 123723K [0x00000000e0000000, 0x00000000ed480000, 0x00000000f5580000)
  object space 217600K, 56% used [0x00000000e0000000,0x00000000e78d2f80,0x00000000ed480000)
 Metaspace       used 81994K, capacity 89608K, committed 89856K, reserved 1126400K
  class space    used 11480K, capacity 13200K, committed 13312K, reserved 1048576K
Event: 22.402 GC heap after
Heap after GC invocations=22 (full 3):
 PSYoungGen      total 128512K, used 7232K [0x00000000f5580000, 0x0000000100000000, 0x0000000100000000)
  eden space 83968K, 0% used [0x00000000f5580000,0x00000000f5580000,0x00000000fa780000)
  from space 44544K, 16% used [0x00000000fa780000,0x00000000fae90020,0x00000000fd300000)
  to   space 44544K, 0% used [0x00000000fd480000,0x00000000fd480000,0x0000000100000000)
 ParOldGen       total 217600K, used 129820K [0x00000000e0000000, 0x00000000ed480000, 0x00000000f5580000)
  object space 217600K, 59% used [0x00000000e0000000,0x00000000e7ec71f0,0x00000000ed480000)
 Metaspace       used 81994K, capacity 89608K, committed 89856K, reserved 1126400K
  class space    used 11480K, capacity 13200K, committed 13312K, reserved 1048576K
}

