# JRE version: Java(TM) SE Runtime Environment (8.0_301-b09) (build 1.8.0_301-b09)
# Java VM: Java HotSpot(TM) 64-Bit Server VM (25.301-b09 mixed mode windows-amd64 compressed oops)
Heap:
 PSYoungGen      total 140800K, used 41103K [0x00000000f5580000, 0x0000000100000000, 0x0000000100000000)
  eden space 107008K, 28% used [0x00000000f5580000,0x00000000f7359080,0x00000000fbe00000)
  from space 33792K, 31% used [0x00000000fbe00000,0x00000000fc84adf0,0x00000000fdf00000)
  to   space 33280K, 0% used [0x00000000fdf80000,0x00000000fdf80000,0x0000000100000000)
 ParOldGen       total 207872K, used 75837K [0x00000000e0000000, 0x00000000ecb00000, 0x00000000f5580000)
  object space 207872K, 36% used [0x00000000e0000000,0x00000000e4a0f788,0x00000000ecb00000)
 Metaspace       used 72143K, capacity 77482K, committed 77824K, reserved 1116160K
  class space    used 10163K, capacity 11411K, committed 11520K, reserved 1048576K
GC Heap History (10 events):
Event: 6.249 GC heap before
{Heap before GC invocations=12 (full 3):
 PSYoungGen      total 151040K, used 17381K [0x00000000f5580000, 0x0000000100000000, 0x0000000100000000)
  eden space 133632K, 0% used [0x00000000f5580000,0x00000000f5580000,0x00000000fd800000)
  from space 17408K, 99% used [0x00000000fd800000,0x00000000fe8f94c8,0x00000000fe900000)
  to   space 21504K, 0% used [0x00000000feb00000,0x00000000feb00000,0x0000000100000000)
 ParOldGen       total 175104K, used 26334K [0x00000000e0000000, 0x00000000eab00000, 0x00000000f5580000)
  object space 175104K, 15% used [0x00000000e0000000,0x00000000e19b7918,0x00000000eab00000)
 Metaspace       used 56229K, capacity 58980K, committed 59136K, reserved 1099776K
  class space    used 7807K, capacity 8417K, committed 8448K, reserved 1048576K
Event: 6.394 GC heap after
Heap after GC invocations=12 (full 3):
 PSYoungGen      total 151040K, used 0K [0x00000000f5580000, 0x0000000100000000, 0x0000000100000000)
  eden space 133632K, 0% used [0x00000000f5580000,0x00000000f5580000,0x00000000fd800000)
  from space 17408K, 0% used [0x00000000fd800000,0x00000000fd800000,0x00000000fe900000)
  to   space 21504K, 0% used [0x00000000feb00000,0x00000000feb00000,0x0000000100000000)
 ParOldGen       total 207872K, used 32747K [0x00000000e0000000, 0x00000000ecb00000, 0x00000000f5580000)
  object space 207872K, 15% used [0x00000000e0000000,0x00000000e1ffaf48,0x00000000ecb00000)
 Metaspace       used 56138K, capacity 58674K, committed 59136K, reserved 1099776K
  class space    used 7778K, capacity 8366K, committed 8448K, reserved 1048576K
}
Event: 9.387 GC heap before
{Heap before GC invocations=13 (full 3):
 PSYoungGen      total 151040K, used 133632K [0x00000000f5580000, 0x0000000100000000, 0x0000000100000000)
  eden space 133632K, 100% used [0x00000000f5580000,0x00000000fd800000,0x00000000fd800000)
  from space 17408K, 0% used [0x00000000fd800000,0x00000000fd800000,0x00000000fe900000)
  to   space 21504K, 0% used [0x00000000feb00000,0x00000000feb00000,0x0000000100000000)
 ParOldGen       total 207872K, used 32747K [0x00000000e0000000, 0x00000000ecb00000, 0x00000000f5580000)
  object space 207872K, 15% used [0x00000000e0000000,0x00000000e1ffaf48,0x00000000ecb00000)
 Metaspace       used 59864K, capacity 62994K, committed 63232K, reserved 1103872K
  class space    used 8428K, capacity 9111K, committed 9216K, reserved 1048576K
Event: 9.394 GC heap after
Heap after GC invocations=13 (full 3):
 PSYoungGen      total 152064K, used 15226K [0x00000000f5580000, 0x0000000100000000, 0x0000000100000000)
  eden space 130560K, 0% used [0x00000000f5580000,0x00000000f5580000,0x00000000fd500000)
  from space 21504K, 70% used [0x00000000feb00000,0x00000000ff9de830,0x0000000100000000)
  to   space 22016K, 0% used [0x00000000fd500000,0x00000000fd500000,0x00000000fea80000)
 ParOldGen       total 207872K, used 32755K [0x00000000e0000000, 0x00000000ecb00000, 0x00000000f5580000)
  object space 207872K, 15% used [0x00000000e0000000,0x00000000e1ffcf48,0x00000000ecb00000)
 Metaspace       used 59864K, capacity 62994K, committed 63232K, reserved 1103872K
  class space    used 8428K, capacity 9111K, committed 9216K, reserved 1048576K
}
Event: 9.908 GC heap before
{Heap before GC invocations=14 (full 3):
 PSYoungGen      total 152064K, used 145786K [0x00000000f5580000, 0x0000000100000000, 0x0000000100000000)
  eden space 130560K, 100% used [0x00000000f5580000,0x00000000fd500000,0x00000000fd500000)
  from space 21504K, 70% used [0x00000000feb00000,0x00000000ff9de830,0x0000000100000000)
  to   space 22016K, 0% used [0x00000000fd500000,0x00000000fd500000,0x00000000fea80000)
 ParOldGen       total 207872K, used 32755K [0x00000000e0000000, 0x00000000ecb00000, 0x00000000f5580000)
  object space 207872K, 15% used [0x00000000e0000000,0x00000000e1ffcf48,0x00000000ecb00000)
 Metaspace       used 65033K, capacity 68688K, committed 68992K, reserved 1107968K
  class space    used 9244K, capacity 10063K, committed 10112K, reserved 1048576K
Event: 9.920 GC heap after
Heap after GC invocations=14 (full 3):
 PSYoungGen      total 152576K, used 21999K [0x00000000f5580000, 0x0000000100000000, 0x0000000100000000)
  eden space 130560K, 0% used [0x00000000f5580000,0x00000000f5580000,0x00000000fd500000)
  from space 22016K, 99% used [0x00000000fd500000,0x00000000fea7bf68,0x00000000fea80000)
  to   space 22016K, 0% used [0x00000000fea80000,0x00000000fea80000,0x0000000100000000)
 ParOldGen       total 207872K, used 37025K [0x00000000e0000000, 0x00000000ecb00000, 0x00000000f5580000)
  object space 207872K, 17% used [0x00000000e0000000,0x00000000e2428530,0x00000000ecb00000)
 Metaspace       used 65033K, capacity 68688K, committed 68992K, reserved 1107968K
  class space    used 9244K, capacity 10063K, committed 10112K, reserved 1048576K
}
Event: 10.597 GC heap before
{Heap before GC invocations=15 (full 3):
 PSYoungGen      total 152576K, used 152559K [0x00000000f5580000, 0x0000000100000000, 0x0000000100000000)
  eden space 130560K, 100% used [0x00000000f5580000,0x00000000fd500000,0x00000000fd500000)
  from space 22016K, 99% used [0x00000000fd500000,0x00000000fea7bf68,0x00000000fea80000)
  to   space 22016K, 0% used [0x00000000fea80000,0x00000000fea80000,0x0000000100000000)
 ParOldGen       total 207872K, used 37025K [0x00000000e0000000, 0x00000000ecb00000, 0x00000000f5580000)
  object space 207872K, 17% used [0x00000000e0000000,0x00000000e2428530,0x00000000ecb00000)
 Metaspace       used 68112K, capacity 72764K, committed 72960K, reserved 1112064K
  class space    used 9608K, capacity 10681K, committed 10752K, reserved 1048576K
Event: 10.614 GC heap after
Heap after GC invocations=15 (full 3):
 PSYoungGen      total 129024K, used 21995K [0x00000000f5580000, 0x0000000100000000, 0x0000000100000000)
  eden space 107008K, 0% used [0x00000000f5580000,0x00000000f5580000,0x00000000fbe00000)
  from space 22016K, 99% used [0x00000000fea80000,0x00000000ffffae38,0x0000000100000000)
  to   space 33792K, 0% used [0x00000000fbe00000,0x00000000fbe00000,0x00000000fdf00000)
 ParOldGen       total 207872K, used 53818K [0x00000000e0000000, 0x00000000ecb00000, 0x00000000f5580000)
  object space 207872K, 25% used [0x00000000e0000000,0x00000000e348ea78,0x00000000ecb00000)
 Metaspace       used 68112K, capacity 72764K, committed 72960K, reserved 1112064K
  class space    used 9608K, capacity 10681K, committed 10752K, reserved 1048576K
}
Event: 11.037 GC heap before
{Heap before GC invocations=16 (full 3):
 PSYoungGen      total 129024K, used 129003K [0x00000000f5580000, 0x0000000100000000, 0x0000000100000000)
  eden space 107008K, 100% used [0x00000000f5580000,0x00000000fbe00000,0x00000000fbe00000)
  from space 22016K, 99% used [0x00000000fea80000,0x00000000ffffae38,0x0000000100000000)
  to   space 33792K, 0% used [0x00000000fbe00000,0x00000000fbe00000,0x00000000fdf00000)
 ParOldGen       total 207872K, used 53818K [0x00000000e0000000, 0x00000000ecb00000, 0x00000000f5580000)
  object space 207872K, 25% used [0x00000000e0000000,0x00000000e348ea78,0x00000000ecb00000)
 Metaspace       used 71532K, capacity 76772K, committed 76928K, reserved 1114112K
  class space    used 10070K, capacity 11305K, committed 11392K, reserved 1048576K
Event: 11.051 GC heap after
Heap after GC invocations=16 (full 3):
 PSYoungGen      total 140800K, used 10539K [0x00000000f5580000, 0x0000000100000000, 0x0000000100000000)
  eden space 107008K, 0% used [0x00000000f5580000,0x00000000f5580000,0x00000000fbe00000)
  from space 33792K, 31% used [0x00000000fbe00000,0x00000000fc84adf0,0x00000000fdf00000)
  to   space 33280K, 0% used [0x00000000fdf80000,0x00000000fdf80000,0x0000000100000000)
 ParOldGen       total 207872K, used 75837K [0x00000000e0000000, 0x00000000ecb00000, 0x00000000f5580000)
  object space 207872K, 36% used [0x00000000e0000000,0x00000000e4a0f788,0x00000000ecb00000)
 Metaspace       used 71532K, capacity 76772K, committed 76928K, reserved 1114112K
  class space    used 10070K, capacity 11305K, committed 11392K, reserved 1048576K
}

